[18:13:54] [main/INFO]: Environment: authHost='https://authserver.mojang.com', accountsHost='https://api.mojang.com', sessionHost='https://sessionserver.mojang.com', servicesHost='https://api.minecraftservices.com', name='PROD'
[18:13:55] [main/WARN]: Ambiguity between arguments [teleport, destination] and [teleport, targets] with inputs: [Player, 0123, @e, dd12be42-52a9-4a91-a8a1-11c01849e498]
[18:13:55] [main/WARN]: Ambiguity between arguments [teleport, location] and [teleport, destination] with inputs: [0.1 -0.5 .9, 0 0 0]
[18:13:55] [main/WARN]: Ambiguity between arguments [teleport, location] and [teleport, targets] with inputs: [0.1 -0.5 .9, 0 0 0]
[18:13:55] [main/WARN]: Ambiguity between arguments [teleport, targets] and [teleport, destination] with inputs: [Player, 0123, dd12be42-52a9-4a91-a8a1-11c01849e498]
[18:13:55] [main/WARN]: Ambiguity between arguments [teleport, targets, location] and [teleport, targets, destination] with inputs: [0.1 -0.5 .9, 0 0 0]
[18:13:55] [main/INFO]: Reloading ResourceManager: Default
[18:13:56] [Worker-Main-11/INFO]: Loaded 7 recipes
[18:13:56] [Worker-Main-11/INFO]: Loaded 927 advancements
[18:13:57] [Server thread/INFO]: Starting minecraft server version 1.16.4
[18:13:57] [Server thread/INFO]: Loading properties
[18:13:57] [Server thread/INFO]: Default game type: SURVIVAL
[18:13:57] [Server thread/INFO]: Generating keypair
[18:13:58] [Server thread/INFO]: Starting Minecraft server on 192.168.1.100:25565
[18:13:58] [Server thread/INFO]: Using default channel type
[18:13:59] [Server thread/WARN]: **** SERVER IS RUNNING IN OFFLINE/INSECURE MODE!
[18:13:59] [Server thread/WARN]: The server will make no attempt to authenticate usernames. Beware.
[18:13:59] [Server thread/WARN]: While this makes the game possible to play without internet access, it also opens up the ability for hackers to connect with any username they choose.
[18:13:59] [Server thread/WARN]: To change this, set "online-mode" to "true" in the server.properties file.
[18:13:59] [Server thread/INFO]: Preparing level "world"
[18:14:00] [Server thread/INFO]: Preparing start region for dimension minecraft:overworld
[18:14:01] [Server thread/INFO]: Preparing spawn area: 0%
[18:14:01] [Server thread/INFO]: Preparing spawn area: 0%
[18:14:01] [Server thread/INFO]: Preparing spawn area: 0%
[18:14:01] [Server thread/INFO]: Preparing spawn area: 0%
[18:14:02] [Server thread/INFO]: Preparing spawn area: 52%
[18:14:03] [Server thread/INFO]: Time elapsed: 3771 ms
[18:14:03] [Server thread/INFO]: Done (3.967s)! For help, type "help"
